0 info it worked if it ends with ok
1 verbose cli [ 'node', '/usr/local/bin/npm', 'install', '—-save-dev', 'mocha' ]
2 info using npm@1.4.28
3 info using node@v0.10.32
4 verbose readDependencies using package.json deps
5 verbose cache add [ '—-save-dev', null ]
6 verbose cache add name=undefined spec="—-save-dev" args=["—-save-dev",null]
7 verbose parsed url { protocol: null,
7 verbose parsed url   slashes: null,
7 verbose parsed url   auth: null,
7 verbose parsed url   host: null,
7 verbose parsed url   port: null,
7 verbose parsed url   hostname: null,
7 verbose parsed url   hash: null,
7 verbose parsed url   search: null,
7 verbose parsed url   query: null,
7 verbose parsed url   pathname: '—-save-dev',
7 verbose parsed url   path: '—-save-dev',
7 verbose parsed url   href: '—-save-dev' }
8 verbose cache add [ 'mocha', null ]
9 verbose cache add name=undefined spec="mocha" args=["mocha",null]
10 verbose parsed url { protocol: null,
10 verbose parsed url   slashes: null,
10 verbose parsed url   auth: null,
10 verbose parsed url   host: null,
10 verbose parsed url   port: null,
10 verbose parsed url   hostname: null,
10 verbose parsed url   hash: null,
10 verbose parsed url   search: null,
10 verbose parsed url   query: null,
10 verbose parsed url   pathname: 'mocha',
10 verbose parsed url   path: 'mocha',
10 verbose parsed url   href: 'mocha' }
11 silly lockFile 11e8b0fb-save-dev —-save-dev
12 verbose lock —-save-dev /Users/lianalo/.npm/11e8b0fb-save-dev.lock
13 silly lockFile a619da43-mocha mocha
14 verbose lock mocha /Users/lianalo/.npm/a619da43-mocha.lock
15 silly lockFile 11e8b0fb-save-dev —-save-dev
16 silly lockFile 11e8b0fb-save-dev —-save-dev
17 silly lockFile a619da43-mocha mocha
18 silly lockFile a619da43-mocha mocha
19 verbose addNamed [ '—-save-dev', '' ]
20 verbose addNamed [ null, '*' ]
21 silly lockFile 9d36908c-save-dev —-save-dev@
22 verbose lock —-save-dev@ /Users/lianalo/.npm/9d36908c-save-dev.lock
23 verbose addNamed [ 'mocha', '' ]
24 verbose addNamed [ null, '*' ]
25 silly lockFile b9899f31-mocha mocha@
26 verbose lock mocha@ /Users/lianalo/.npm/b9899f31-mocha.lock
27 silly addNameRange { name: '—-save-dev', range: '*', hasData: false }
28 verbose request where is /—-save-dev
29 verbose request registry https://registry.npmjs.org/
30 verbose request id 52aa4505b73a512e
31 verbose url raw /—-save-dev
32 verbose url resolving [ 'https://registry.npmjs.org/', './%E2%80%94-save-dev' ]
33 verbose url resolved https://registry.npmjs.org/%E2%80%94-save-dev
34 verbose request where is https://registry.npmjs.org/%E2%80%94-save-dev
35 info trying registry request attempt 1 at 15:35:06
36 http GET https://registry.npmjs.org/%E2%80%94-save-dev
37 silly addNameRange { name: 'mocha', range: '*', hasData: false }
38 verbose registry.get https://registry.npmjs.org/mocha not expired, no request
39 silly addNameRange number 2 { name: 'mocha', range: '*', hasData: true }
40 silly addNameRange versions [ 'mocha',
40 silly addNameRange   [ '0.0.1-alpha1',
40 silly addNameRange     '0.0.1-alpha2',
40 silly addNameRange     '0.0.1-alpha3',
40 silly addNameRange     '0.0.1-alpha4',
40 silly addNameRange     '0.0.1-alpha5',
40 silly addNameRange     '0.0.1-alpha6',
40 silly addNameRange     '0.0.1',
40 silly addNameRange     '0.0.2',
40 silly addNameRange     '0.0.3',
40 silly addNameRange     '0.0.4',
40 silly addNameRange     '0.0.5',
40 silly addNameRange     '0.0.6',
40 silly addNameRange     '0.0.7',
40 silly addNameRange     '0.0.8',
40 silly addNameRange     '0.1.0',
40 silly addNameRange     '0.2.0',
40 silly addNameRange     '0.3.0',
40 silly addNameRange     '0.3.1',
40 silly addNameRange     '0.3.2',
40 silly addNameRange     '0.3.3',
40 silly addNameRange     '0.3.4',
40 silly addNameRange     '0.3.6',
40 silly addNameRange     '0.4.0',
40 silly addNameRange     '0.5.0',
40 silly addNameRange     '0.6.0',
40 silly addNameRange     '0.7.0',
40 silly addNameRange     '0.7.1',
40 silly addNameRange     '0.8.0',
40 silly addNameRange     '0.8.1',
40 silly addNameRange     '0.9.0',
40 silly addNameRange     '0.10.0',
40 silly addNameRange     '0.10.1',
40 silly addNameRange     '0.10.2',
40 silly addNameRange     '0.11.0',
40 silly addNameRange     '0.12.0',
40 silly addNameRange     '0.12.1',
40 silly addNameRange     '0.13.0',
40 silly addNameRange     '0.14.0',
40 silly addNameRange     '0.14.1',
40 silly addNameRange     '1.0.0',
40 silly addNameRange     '1.0.1',
40 silly addNameRange     '1.0.2',
40 silly addNameRange     '1.0.3',
40 silly addNameRange     '1.1.0',
40 silly addNameRange     '1.2.0',
40 silly addNameRange     '1.2.1',
40 silly addNameRange     '1.2.2',
40 silly addNameRange     '1.3.0',
40 silly addNameRange     '1.3.1',
40 silly addNameRange     '1.3.2',
40 silly addNameRange     '1.4.0',
40 silly addNameRange     '1.4.1',
40 silly addNameRange     '1.4.2',
40 silly addNameRange     '1.4.3',
40 silly addNameRange     '1.5.0',
40 silly addNameRange     '1.6.0',
40 silly addNameRange     '1.7.0',
40 silly addNameRange     '1.7.1',
40 silly addNameRange     '1.7.2',
40 silly addNameRange     '1.7.3',
40 silly addNameRange     '1.7.4',
40 silly addNameRange     '1.8.0',
40 silly addNameRange     '1.8.1',
40 silly addNameRange     '1.8.2',
40 silly addNameRange     '1.9.0',
40 silly addNameRange     '1.10.0',
40 silly addNameRange     '1.11.0',
40 silly addNameRange     '1.12.0',
40 silly addNameRange     '1.12.1',
40 silly addNameRange     '1.13.0',
40 silly addNameRange     '1.14.0',
40 silly addNameRange     '1.15.0',
40 silly addNameRange     '1.15.1',
40 silly addNameRange     '1.16.0',
40 silly addNameRange     '1.16.1',
40 silly addNameRange     '1.16.2',
40 silly addNameRange     '1.17.0',
40 silly addNameRange     '1.17.1',
40 silly addNameRange     '1.18.0',
40 silly addNameRange     '1.18.1',
40 silly addNameRange     '1.18.2',
40 silly addNameRange     '1.19.0',
40 silly addNameRange     '1.20.0',
40 silly addNameRange     '1.20.1',
40 silly addNameRange     '1.21.0',
40 silly addNameRange     '1.21.1',
40 silly addNameRange     '1.21.2',
40 silly addNameRange     '1.21.3',
40 silly addNameRange     '1.21.4',
40 silly addNameRange     '1.21.5' ] ]
41 verbose addNamed [ 'mocha', '1.21.5' ]
42 verbose addNamed [ '1.21.5', '1.21.5' ]
43 silly lockFile 2b4a0aa3-mocha-1-21-5 mocha@1.21.5
44 verbose lock mocha@1.21.5 /Users/lianalo/.npm/2b4a0aa3-mocha-1-21-5.lock
45 silly lockFile 2b4a0aa3-mocha-1-21-5 mocha@1.21.5
46 silly lockFile 2b4a0aa3-mocha-1-21-5 mocha@1.21.5
47 silly lockFile b9899f31-mocha mocha@
48 silly lockFile b9899f31-mocha mocha@
49 http 404 https://registry.npmjs.org/%E2%80%94-save-dev
50 verbose headers { date: 'Wed, 15 Oct 2014 13:35:07 GMT',
50 verbose headers   server: 'CouchDB/1.5.0 (Erlang OTP/R16B03)',
50 verbose headers   'content-type': 'application/json',
50 verbose headers   'cache-control': 'max-age=0',
50 verbose headers   'content-length': '52',
50 verbose headers   'accept-ranges': 'bytes',
50 verbose headers   via: '1.1 varnish',
50 verbose headers   age: '0',
50 verbose headers   'x-served-by': 'cache-lcy1135-LCY',
50 verbose headers   'x-cache': 'MISS',
50 verbose headers   'x-cache-hits': '0',
50 verbose headers   'x-timer': 'S1413380107.075685,VS0,VE153',
50 verbose headers   'keep-alive': 'timeout=10, max=50',
50 verbose headers   connection: 'Keep-Alive' }
51 silly registry.get cb [ 404,
51 silly registry.get   { date: 'Wed, 15 Oct 2014 13:35:07 GMT',
51 silly registry.get     server: 'CouchDB/1.5.0 (Erlang OTP/R16B03)',
51 silly registry.get     'content-type': 'application/json',
51 silly registry.get     'cache-control': 'max-age=0',
51 silly registry.get     'content-length': '52',
51 silly registry.get     'accept-ranges': 'bytes',
51 silly registry.get     via: '1.1 varnish',
51 silly registry.get     age: '0',
51 silly registry.get     'x-served-by': 'cache-lcy1135-LCY',
51 silly registry.get     'x-cache': 'MISS',
51 silly registry.get     'x-cache-hits': '0',
51 silly registry.get     'x-timer': 'S1413380107.075685,VS0,VE153',
51 silly registry.get     'keep-alive': 'timeout=10, max=50',
51 silly registry.get     connection: 'Keep-Alive' } ]
52 silly lockFile 9d36908c-save-dev —-save-dev@
53 silly lockFile 9d36908c-save-dev —-save-dev@
54 error 404 404 Not Found: %E2%80%94-save-dev
54 error 404
54 error 404 '%E2%80%94-save-dev' is not in the npm registry.
54 error 404 You should bug the author to publish it
54 error 404 It was specified as a dependency of 'hosted-hubot'
54 error 404
54 error 404 Note that you can also install from a
54 error 404 tarball, folder, or http url, or git url.
55 error System Darwin 13.3.0
56 error command "node" "/usr/local/bin/npm" "install" "—-save-dev" "mocha"
57 error cwd /Users/lianalo/src/lunch-roulette/lib
58 error node -v v0.10.32
59 error npm -v 1.4.28
60 error code E404
61 verbose exit [ 1, true ]
